  sample.cpp
C:\okuno\Documents\GITHUB\c++\kouten-fiber-plybase\sample\sample.cpp(390,37): warning C4305: '初期化中': 'double' から 'GLfloat' へ切り詰めます。
C:\okuno\Documents\GITHUB\c++\kouten-fiber-plybase\sample\sample.cpp(398,40): warning C4305: '初期化中': 'double' から 'GLfloat' へ切り詰めます。
C:\okuno\Documents\GITHUB\c++\kouten-fiber-plybase\sample\sample.cpp(406,49): warning C4305: '初期化中': 'double' から 'GLfloat' へ切り詰めます。
C:\okuno\Documents\GITHUB\c++\kouten-fiber-plybase\sample\sample.cpp(436,26): warning C4244: '=': 'double' から 'GLfloat' への変換です。データが失われる可能性があります。
C:\okuno\Documents\GITHUB\c++\kouten-fiber-plybase\sample\sample.cpp(463,26): warning C4244: '=': 'double' から 'GLfloat' への変換です。データが失われる可能性があります。
C:\okuno\Documents\GITHUB\c++\kouten-fiber-plybase\sample\sample.cpp(491,30): warning C4244: '=': 'double' から 'GLfloat' への変換です。データが失われる可能性があります。
C:\okuno\Documents\GITHUB\c++\kouten-fiber-plybase\sample\sample.cpp(521,82): warning C4244: '引数': 'double' から 'GLfloat' への変換です。データが失われる可能性があります。
C:\okuno\Documents\GITHUB\c++\kouten-fiber-plybase\sample\sample.cpp(521,44): warning C4244: '引数': 'double' から 'GLfloat' への変換です。データが失われる可能性があります。
C:\okuno\Documents\GITHUB\c++\kouten-fiber-plybase\sample\sample.cpp(984,43): warning C4244: '=': 'lbfgsfloatval_t' から 'GLfloat' への変換です。データが失われる可能性があります。
C:\okuno\Documents\GITHUB\c++\kouten-fiber-plybase\sample\sample.cpp(985,43): warning C4244: '=': 'lbfgsfloatval_t' から 'GLfloat' への変換です。データが失われる可能性があります。
C:\okuno\Documents\GITHUB\c++\kouten-fiber-plybase\sample\sample.cpp(988,56): warning C4244: '=': 'lbfgsfloatval_t' から 'GLfloat' への変換です。データが失われる可能性があります。
C:\okuno\Documents\GITHUB\c++\kouten-fiber-plybase\sample\sample.cpp(989,56): warning C4244: '=': 'lbfgsfloatval_t' から 'GLfloat' への変換です。データが失われる可能性があります。
C:\okuno\Documents\GITHUB\c++\kouten-fiber-plybase\sample\sample.cpp(1019,69): warning C4244: '=': 'double' から 'GLfloat' への変換です。データが失われる可能性があります。
C:\okuno\Documents\GITHUB\c++\kouten-fiber-plybase\sample\sample.cpp(1021,69): warning C4244: '=': 'double' から 'GLfloat' への変換です。データが失われる可能性があります。
C:\okuno\Documents\GITHUB\c++\kouten-fiber-plybase\sample\sample.cpp(1032,43): warning C4244: '=': 'lbfgsfloatval_t' から 'GLfloat' への変換です。データが失われる可能性があります。
C:\okuno\Documents\GITHUB\c++\kouten-fiber-plybase\sample\sample.cpp(1034,43): warning C4244: '=': 'lbfgsfloatval_t' から 'GLfloat' への変換です。データが失われる可能性があります。
C:\okuno\Documents\GITHUB\c++\kouten-fiber-plybase\sample\sample.cpp(1036,56): warning C4244: '=': 'lbfgsfloatval_t' から 'GLfloat' への変換です。データが失われる可能性があります。
C:\okuno\Documents\GITHUB\c++\kouten-fiber-plybase\sample\sample.cpp(1038,56): warning C4244: '=': 'lbfgsfloatval_t' から 'GLfloat' への変換です。データが失われる可能性があります。
C:\okuno\Documents\GITHUB\c++\kouten-fiber-plybase\sample\sample.cpp(1068,69): warning C4244: '=': 'double' から 'GLfloat' への変換です。データが失われる可能性があります。
C:\okuno\Documents\GITHUB\c++\kouten-fiber-plybase\sample\sample.cpp(1069,69): warning C4244: '=': 'double' から 'GLfloat' への変換です。データが失われる可能性があります。
C:\okuno\Documents\GITHUB\c++\kouten-fiber-plybase\sample\sample.cpp(1085,41): warning C4244: '=': 'lbfgsfloatval_t' から 'GLfloat' への変換です。データが失われる可能性があります。
C:\okuno\Documents\GITHUB\c++\kouten-fiber-plybase\sample\sample.cpp(1086,41): warning C4244: '=': 'lbfgsfloatval_t' から 'GLfloat' への変換です。データが失われる可能性があります。
C:\okuno\Documents\GITHUB\c++\kouten-fiber-plybase\sample\sample.cpp(1095,41): warning C4244: '=': 'lbfgsfloatval_t' から 'GLfloat' への変換です。データが失われる可能性があります。
C:\okuno\Documents\GITHUB\c++\kouten-fiber-plybase\sample\sample.cpp(1097,41): warning C4244: '=': 'lbfgsfloatval_t' から 'GLfloat' への変換です。データが失われる可能性があります。
C:\okuno\Documents\GITHUB\c++\kouten-fiber-plybase\sample\sample.cpp(1105,54): warning C4244: '=': 'double' から 'GLfloat' への変換です。データが失われる可能性があります。
C:\okuno\Documents\GITHUB\c++\kouten-fiber-plybase\sample\sample.cpp(1106,54): warning C4244: '=': 'double' から 'GLfloat' への変換です。データが失われる可能性があります。
C:\okuno\Documents\GITHUB\c++\kouten-fiber-plybase\sample\sample.cpp(1109,66): warning C4244: '=': 'double' から 'GLfloat' への変換です。データが失われる可能性があります。
C:\okuno\Documents\GITHUB\c++\kouten-fiber-plybase\sample\sample.cpp(1110,66): warning C4244: '=': 'double' から 'GLfloat' への変換です。データが失われる可能性があります。
C:\okuno\Documents\GITHUB\c++\kouten-fiber-plybase\sample\sample.cpp(1145,79): warning C4244: '=': 'double' から 'GLfloat' への変換です。データが失われる可能性があります。
C:\okuno\Documents\GITHUB\c++\kouten-fiber-plybase\sample\sample.cpp(1147,79): warning C4244: '=': 'double' から 'GLfloat' への変換です。データが失われる可能性があります。
C:\okuno\Documents\GITHUB\c++\kouten-fiber-plybase\sample\sample.cpp(1160,54): warning C4244: '=': 'double' から 'GLfloat' への変換です。データが失われる可能性があります。
C:\okuno\Documents\GITHUB\c++\kouten-fiber-plybase\sample\sample.cpp(1162,54): warning C4244: '=': 'double' から 'GLfloat' への変換です。データが失われる可能性があります。
C:\okuno\Documents\GITHUB\c++\kouten-fiber-plybase\sample\sample.cpp(1164,65): warning C4244: '=': 'double' から 'GLfloat' への変換です。データが失われる可能性があります。
C:\okuno\Documents\GITHUB\c++\kouten-fiber-plybase\sample\sample.cpp(1166,66): warning C4244: '=': 'double' から 'GLfloat' への変換です。データが失われる可能性があります。
C:\okuno\Documents\GITHUB\c++\kouten-fiber-plybase\sample\sample.cpp(1201,79): warning C4244: '=': 'double' から 'GLfloat' への変換です。データが失われる可能性があります。
C:\okuno\Documents\GITHUB\c++\kouten-fiber-plybase\sample\sample.cpp(1202,79): warning C4244: '=': 'double' から 'GLfloat' への変換です。データが失われる可能性があります。
C:\okuno\Documents\GITHUB\c++\kouten-fiber-plybase\sample\sample.cpp(1218,52): warning C4244: '=': 'double' から 'GLfloat' への変換です。データが失われる可能性があります。
C:\okuno\Documents\GITHUB\c++\kouten-fiber-plybase\sample\sample.cpp(1219,52): warning C4244: '=': 'double' から 'GLfloat' への変換です。データが失われる可能性があります。
C:\okuno\Documents\GITHUB\c++\kouten-fiber-plybase\sample\sample.cpp(1229,52): warning C4244: '=': 'double' から 'GLfloat' への変換です。データが失われる可能性があります。
C:\okuno\Documents\GITHUB\c++\kouten-fiber-plybase\sample\sample.cpp(1231,52): warning C4244: '=': 'double' から 'GLfloat' への変換です。データが失われる可能性があります。
C:\okuno\Documents\GITHUB\c++\kouten-fiber-plybase\sample\sample.cpp(1243,62): warning C4244: '=': 'double' から 'GLfloat' への変換です。データが失われる可能性があります。
C:\okuno\Documents\GITHUB\c++\kouten-fiber-plybase\sample\sample.cpp(1244,62): warning C4244: '=': 'double' から 'GLfloat' への変換です。データが失われる可能性があります。
C:\okuno\Documents\GITHUB\c++\kouten-fiber-plybase\sample\sample.cpp(1261,89): warning C4244: '=': 'double' から 'GLfloat' への変換です。データが失われる可能性があります。
C:\okuno\Documents\GITHUB\c++\kouten-fiber-plybase\sample\sample.cpp(1263,89): warning C4244: '=': 'double' から 'GLfloat' への変換です。データが失われる可能性があります。
C:\okuno\Documents\GITHUB\c++\kouten-fiber-plybase\sample\sample.cpp(1280,62): warning C4244: '=': 'double' から 'GLfloat' への変換です。データが失われる可能性があります。
C:\okuno\Documents\GITHUB\c++\kouten-fiber-plybase\sample\sample.cpp(1282,62): warning C4244: '=': 'double' から 'GLfloat' への変換です。データが失われる可能性があります。
C:\okuno\Documents\GITHUB\c++\kouten-fiber-plybase\sample\sample.cpp(1300,89): warning C4244: '=': 'double' から 'GLfloat' への変換です。データが失われる可能性があります。
C:\okuno\Documents\GITHUB\c++\kouten-fiber-plybase\sample\sample.cpp(1301,89): warning C4244: '=': 'double' から 'GLfloat' への変換です。データが失われる可能性があります。
C:\okuno\Documents\GITHUB\c++\kouten-fiber-plybase\sample\sample.cpp(1313,24): warning C4244: '=': 'lbfgsfloatval_t' から 'GLfloat' への変換です。データが失われる可能性があります。
C:\okuno\Documents\GITHUB\c++\kouten-fiber-plybase\sample\sample.cpp(1314,20): warning C4244: '=': 'lbfgsfloatval_t' から 'GLfloat' への変換です。データが失われる可能性があります。
C:\okuno\Documents\GITHUB\c++\kouten-fiber-plybase\sample\sample.cpp(1315,23): warning C4244: '=': 'lbfgsfloatval_t' から 'GLfloat' への変換です。データが失われる可能性があります。
C:\okuno\Documents\GITHUB\c++\kouten-fiber-plybase\sample\sample.cpp(1330,28): warning C4244: '=': 'lbfgsfloatval_t' から 'GLfloat' への変換です。データが失われる可能性があります。
C:\okuno\Documents\GITHUB\c++\kouten-fiber-plybase\sample\sample.cpp(1331,24): warning C4244: '=': 'lbfgsfloatval_t' から 'GLfloat' への変換です。データが失われる可能性があります。
C:\okuno\Documents\GITHUB\c++\kouten-fiber-plybase\sample\sample.cpp(1332,24): warning C4244: '=': 'lbfgsfloatval_t' から 'GLfloat' への変換です。データが失われる可能性があります。
C:\okuno\Documents\GITHUB\c++\kouten-fiber-plybase\sample\sample.cpp(1344,20): warning C4244: '=': 'lbfgsfloatval_t' から 'GLfloat' への変換です。データが失われる可能性があります。
C:\okuno\Documents\GITHUB\c++\kouten-fiber-plybase\sample\sample.cpp(1345,24): warning C4244: '=': 'lbfgsfloatval_t' から 'GLfloat' への変換です。データが失われる可能性があります。
C:\okuno\Documents\GITHUB\c++\kouten-fiber-plybase\sample\sample.cpp(1346,23): warning C4244: '=': 'lbfgsfloatval_t' から 'GLfloat' への変換です。データが失われる可能性があります。
C:\okuno\Documents\GITHUB\c++\kouten-fiber-plybase\sample\sample.cpp(1359,24): warning C4244: '=': 'lbfgsfloatval_t' から 'GLfloat' への変換です。データが失われる可能性があります。
C:\okuno\Documents\GITHUB\c++\kouten-fiber-plybase\sample\sample.cpp(1360,28): warning C4244: '=': 'lbfgsfloatval_t' から 'GLfloat' への変換です。データが失われる可能性があります。
C:\okuno\Documents\GITHUB\c++\kouten-fiber-plybase\sample\sample.cpp(1361,24): warning C4244: '=': 'lbfgsfloatval_t' から 'GLfloat' への変換です。データが失われる可能性があります。
C:\okuno\Documents\GITHUB\c++\kouten-fiber-plybase\sample\sample.cpp(1418,23): warning C4244: '=': 'double' から 'GLfloat' への変換です。データが失われる可能性があります。
C:\okuno\Documents\GITHUB\c++\kouten-fiber-plybase\sample\sample.cpp(1419,24): warning C4244: '=': 'double' から 'GLfloat' への変換です。データが失われる可能性があります。
C:\okuno\Documents\GITHUB\c++\kouten-fiber-plybase\sample\sample.cpp(1421,34): warning C4244: '=': 'double' から 'GLfloat' への変換です。データが失われる可能性があります。
C:\okuno\Documents\GITHUB\c++\kouten-fiber-plybase\sample\sample.cpp(1422,34): warning C4244: '=': 'double' から 'GLfloat' への変換です。データが失われる可能性があります。
C:\okuno\Documents\GITHUB\c++\kouten-fiber-plybase\sample\sample.cpp(1474,23): warning C4244: '+=': 'double' から 'GLfloat' への変換です。データが失われる可能性があります。
C:\okuno\Documents\GITHUB\c++\kouten-fiber-plybase\sample\sample.cpp(1475,23): warning C4244: '+=': 'double' から 'GLfloat' への変換です。データが失われる可能性があります。
C:\okuno\Documents\GITHUB\c++\kouten-fiber-plybase\sample\sample.cpp(1484,23): warning C4244: '+=': 'double' から 'GLfloat' への変換です。データが失われる可能性があります。
C:\okuno\Documents\GITHUB\c++\kouten-fiber-plybase\sample\sample.cpp(1485,23): warning C4244: '+=': 'double' から 'GLfloat' への変換です。データが失われる可能性があります。
C:\okuno\Documents\GITHUB\c++\kouten-fiber-plybase\sample\sample.cpp(1495,35): warning C4305: '+=': 'double' から 'GLfloat' へ切り詰めます。
C:\okuno\Documents\GITHUB\c++\kouten-fiber-plybase\sample\sample.cpp(1496,35): warning C4305: '+=': 'double' から 'GLfloat' へ切り詰めます。
C:\okuno\Documents\GITHUB\c++\kouten-fiber-plybase\sample\sample.cpp(1505,35): warning C4305: '+=': 'double' から 'GLfloat' へ切り詰めます。
C:\okuno\Documents\GITHUB\c++\kouten-fiber-plybase\sample\sample.cpp(1506,35): warning C4305: '+=': 'double' から 'GLfloat' へ切り詰めます。
  sample.vcxproj -> C:\okuno\Documents\GITHUB\c++\kouten-fiber-plybase\x64\Debug\sample.exe
